<?xml version="1.0" encoding="UTF-8"?>
<testsuites>
  <testsuite name="" tests="47" assertions="143" errors="0" warnings="0" failures="0" skipped="0" time="2.515407">
    <testsuite name="Project Test Suite" tests="47" assertions="143" errors="0" warnings="0" failures="0" skipped="0" time="2.515407">
      <testsuite name="App\Tests\Controller\ApiControllerTest" file="/Users/mirnesmrso/dbwebb-kurser/mvc/me/report/tests/Controller/ApiControllerTest.php" tests="4" assertions="20" errors="0" warnings="0" failures="0" skipped="0" time="1.323874">
        <testcase name="testQuote" class="App\Tests\Controller\ApiControllerTest" classname="App.Tests.Controller.ApiControllerTest" file="/Users/mirnesmrso/dbwebb-kurser/mvc/me/report/tests/Controller/ApiControllerTest.php" line="9" assertions="9" time="0.647994"/>
        <testcase name="testGetAllBooks" class="App\Tests\Controller\ApiControllerTest" classname="App.Tests.Controller.ApiControllerTest" file="/Users/mirnesmrso/dbwebb-kurser/mvc/me/report/tests/Controller/ApiControllerTest.php" line="30" assertions="8" time="0.179321"/>
        <testcase name="testGetBookByIsbnNotFound" class="App\Tests\Controller\ApiControllerTest" classname="App.Tests.Controller.ApiControllerTest" file="/Users/mirnesmrso/dbwebb-kurser/mvc/me/report/tests/Controller/ApiControllerTest.php" line="50" assertions="2" time="0.011400"/>
        <testcase name="testInvalidEndpoint" class="App\Tests\Controller\ApiControllerTest" classname="App.Tests.Controller.ApiControllerTest" file="/Users/mirnesmrso/dbwebb-kurser/mvc/me/report/tests/Controller/ApiControllerTest.php" line="62" assertions="1" time="0.485159"/>
      </testsuite>
      <testsuite name="App\Tests\Controller\BookControllerTest" file="/Users/mirnesmrso/dbwebb-kurser/mvc/me/report/tests/Controller/BookControllerTest.php" tests="4" assertions="7" errors="0" warnings="0" failures="0" skipped="0" time="0.565686">
        <testcase name="testIndexPage" class="App\Tests\Controller\BookControllerTest" classname="App.Tests.Controller.BookControllerTest" file="/Users/mirnesmrso/dbwebb-kurser/mvc/me/report/tests/Controller/BookControllerTest.php" line="9" assertions="2" time="0.108167"/>
        <testcase name="testListPage" class="App\Tests\Controller\BookControllerTest" classname="App.Tests.Controller.BookControllerTest" file="/Users/mirnesmrso/dbwebb-kurser/mvc/me/report/tests/Controller/BookControllerTest.php" line="18" assertions="2" time="0.021051"/>
        <testcase name="testNewPage" class="App\Tests\Controller\BookControllerTest" classname="App.Tests.Controller.BookControllerTest" file="/Users/mirnesmrso/dbwebb-kurser/mvc/me/report/tests/Controller/BookControllerTest.php" line="27" assertions="2" time="0.223271"/>
        <testcase name="testShowPageNotFound" class="App\Tests\Controller\BookControllerTest" classname="App.Tests.Controller.BookControllerTest" file="/Users/mirnesmrso/dbwebb-kurser/mvc/me/report/tests/Controller/BookControllerTest.php" line="36" assertions="1" time="0.213197"/>
      </testsuite>
      <testsuite name="App\Tests\Controller\CardControllerTest" file="/Users/mirnesmrso/dbwebb-kurser/mvc/me/report/tests/Controller/CardControllerTest.php" tests="6" assertions="12" errors="0" warnings="0" failures="0" skipped="0" time="0.209974">
        <testcase name="testCardPage" class="App\Tests\Controller\CardControllerTest" classname="App.Tests.Controller.CardControllerTest" file="/Users/mirnesmrso/dbwebb-kurser/mvc/me/report/tests/Controller/CardControllerTest.php" line="9" assertions="2" time="0.025979"/>
        <testcase name="testDeckPage" class="App\Tests\Controller\CardControllerTest" classname="App.Tests.Controller.CardControllerTest" file="/Users/mirnesmrso/dbwebb-kurser/mvc/me/report/tests/Controller/CardControllerTest.php" line="18" assertions="2" time="0.073828"/>
        <testcase name="testShuffleDeck" class="App\Tests\Controller\CardControllerTest" classname="App.Tests.Controller.CardControllerTest" file="/Users/mirnesmrso/dbwebb-kurser/mvc/me/report/tests/Controller/CardControllerTest.php" line="27" assertions="2" time="0.052863"/>
        <testcase name="testDrawCards" class="App\Tests\Controller\CardControllerTest" classname="App.Tests.Controller.CardControllerTest" file="/Users/mirnesmrso/dbwebb-kurser/mvc/me/report/tests/Controller/CardControllerTest.php" line="36" assertions="2" time="0.025115"/>
        <testcase name="testSessionPage" class="App\Tests\Controller\CardControllerTest" classname="App.Tests.Controller.CardControllerTest" file="/Users/mirnesmrso/dbwebb-kurser/mvc/me/report/tests/Controller/CardControllerTest.php" line="45" assertions="2" time="0.018067"/>
        <testcase name="testDeleteSession" class="App\Tests\Controller\CardControllerTest" classname="App.Tests.Controller.CardControllerTest" file="/Users/mirnesmrso/dbwebb-kurser/mvc/me/report/tests/Controller/CardControllerTest.php" line="54" assertions="2" time="0.014122"/>
      </testsuite>
      <testsuite name="App\Tests\Controller\GameControllerTest" file="/Users/mirnesmrso/dbwebb-kurser/mvc/me/report/tests/Controller/GameControllerTest.php" tests="7" assertions="14" errors="0" warnings="0" failures="0" skipped="0" time="0.186769">
        <testcase name="testIntroClearsSession" class="App\Tests\Controller\GameControllerTest" classname="App.Tests.Controller.GameControllerTest" file="/Users/mirnesmrso/dbwebb-kurser/mvc/me/report/tests/Controller/GameControllerTest.php" line="9" assertions="2" time="0.039112"/>
        <testcase name="testStartInitializesGameAndRedirects" class="App\Tests\Controller\GameControllerTest" classname="App.Tests.Controller.GameControllerTest" file="/Users/mirnesmrso/dbwebb-kurser/mvc/me/report/tests/Controller/GameControllerTest.php" line="25" assertions="2" time="0.011946"/>
        <testcase name="testPlayRedirectsIfNoGame" class="App\Tests\Controller\GameControllerTest" classname="App.Tests.Controller.GameControllerTest" file="/Users/mirnesmrso/dbwebb-kurser/mvc/me/report/tests/Controller/GameControllerTest.php" line="35" assertions="2" time="0.021510"/>
        <testcase name="testPlayRendersGameState" class="App\Tests\Controller\GameControllerTest" classname="App.Tests.Controller.GameControllerTest" file="/Users/mirnesmrso/dbwebb-kurser/mvc/me/report/tests/Controller/GameControllerTest.php" line="49" assertions="2" time="0.043262"/>
        <testcase name="testDrawUpdatesGameAndRedirects" class="App\Tests\Controller\GameControllerTest" classname="App.Tests.Controller.GameControllerTest" file="/Users/mirnesmrso/dbwebb-kurser/mvc/me/report/tests/Controller/GameControllerTest.php" line="64" assertions="2" time="0.025624"/>
        <testcase name="testStayUpdatesGameAndRedirects" class="App\Tests\Controller\GameControllerTest" classname="App.Tests.Controller.GameControllerTest" file="/Users/mirnesmrso/dbwebb-kurser/mvc/me/report/tests/Controller/GameControllerTest.php" line="75" assertions="2" time="0.025119"/>
        <testcase name="testDocumentationPageLoads" class="App\Tests\Controller\GameControllerTest" classname="App.Tests.Controller.GameControllerTest" file="/Users/mirnesmrso/dbwebb-kurser/mvc/me/report/tests/Controller/GameControllerTest.php" line="86" assertions="2" time="0.020196"/>
      </testsuite>
      <testsuite name="App\Tests\Controller\LuckyControllerTest" file="/Users/mirnesmrso/dbwebb-kurser/mvc/me/report/tests/Controller/LuckyControllerTest.php" tests="3" assertions="19" errors="0" warnings="0" failures="0" skipped="0" time="0.096920">
        <testcase name="testIndex" class="App\Tests\Controller\LuckyControllerTest" classname="App.Tests.Controller.LuckyControllerTest" file="/Users/mirnesmrso/dbwebb-kurser/mvc/me/report/tests/Controller/LuckyControllerTest.php" line="9" assertions="7" time="0.024983"/>
        <testcase name="testMultipleRequestsReturnDifferentNumbers" class="App\Tests\Controller\LuckyControllerTest" classname="App.Tests.Controller.LuckyControllerTest" file="/Users/mirnesmrso/dbwebb-kurser/mvc/me/report/tests/Controller/LuckyControllerTest.php" line="31" assertions="11" time="0.060607"/>
        <testcase name="testImageFileExtensions" class="App\Tests\Controller\LuckyControllerTest" classname="App.Tests.Controller.LuckyControllerTest" file="/Users/mirnesmrso/dbwebb-kurser/mvc/me/report/tests/Controller/LuckyControllerTest.php" line="51" assertions="1" time="0.011330"/>
      </testsuite>
      <testsuite name="App\Tests\Controller\ProductControllerTest" file="/Users/mirnesmrso/dbwebb-kurser/mvc/me/report/tests/Controller/ProductControllerTest.php" tests="3" assertions="8" errors="0" warnings="0" failures="0" skipped="0" time="0.040245">
        <testcase name="testIndex" class="App\Tests\Controller\ProductControllerTest" classname="App.Tests.Controller.ProductControllerTest" file="/Users/mirnesmrso/dbwebb-kurser/mvc/me/report/tests/Controller/ProductControllerTest.php" line="12" assertions="3" time="0.017744"/>
        <testcase name="testShowAllProduct" class="App\Tests\Controller\ProductControllerTest" classname="App.Tests.Controller.ProductControllerTest" file="/Users/mirnesmrso/dbwebb-kurser/mvc/me/report/tests/Controller/ProductControllerTest.php" line="20" assertions="2" time="0.013081"/>
        <testcase name="testShowProductByIdNotFound" class="App\Tests\Controller\ProductControllerTest" classname="App.Tests.Controller.ProductControllerTest" file="/Users/mirnesmrso/dbwebb-kurser/mvc/me/report/tests/Controller/ProductControllerTest.php" line="28" assertions="3" time="0.009420"/>
      </testsuite>
      <testsuite name="App\Tests\Entity\BookTest" file="/Users/mirnesmrso/dbwebb-kurser/mvc/me/report/tests/Entity/BookTest.php" tests="1" assertions="9" errors="0" warnings="0" failures="0" skipped="0" time="0.002135">
        <testcase name="testGettersAndSetters" class="App\Tests\Entity\BookTest" classname="App.Tests.Entity.BookTest" file="/Users/mirnesmrso/dbwebb-kurser/mvc/me/report/tests/Entity/BookTest.php" line="10" assertions="9" time="0.002135"/>
      </testsuite>
      <testsuite name="App\Tests\Entity\ProductTest" file="/Users/mirnesmrso/dbwebb-kurser/mvc/me/report/tests/Entity/ProductTest.php" tests="1" assertions="5" errors="0" warnings="0" failures="0" skipped="0" time="0.000843">
        <testcase name="testGettersAndSetters" class="App\Tests\Entity\ProductTest" classname="App.Tests.Entity.ProductTest" file="/Users/mirnesmrso/dbwebb-kurser/mvc/me/report/tests/Entity/ProductTest.php" line="10" assertions="5" time="0.000843"/>
      </testsuite>
      <testsuite name="App\Tests\Form\BookFormTest" file="/Users/mirnesmrso/dbwebb-kurser/mvc/me/report/tests/Form/BookFormTest.php" tests="1" assertions="9" errors="0" warnings="0" failures="0" skipped="0" time="0.063291">
        <testcase name="testBuildForm" class="App\Tests\Form\BookFormTest" classname="App.Tests.Form.BookFormTest" file="/Users/mirnesmrso/dbwebb-kurser/mvc/me/report/tests/Form/BookFormTest.php" line="11" assertions="9" time="0.063291"/>
      </testsuite>
      <testsuite name="App\Tests\Game\CardGraphicTest" file="/Users/mirnesmrso/dbwebb-kurser/mvc/me/report/tests/Game/CardGraphicTest.php" tests="1" assertions="3" errors="0" warnings="0" failures="0" skipped="0" time="0.001589">
        <testcase name="testToString" class="App\Tests\Game\CardGraphicTest" classname="App.Tests.Game.CardGraphicTest" file="/Users/mirnesmrso/dbwebb-kurser/mvc/me/report/tests/Game/CardGraphicTest.php" line="10" assertions="3" time="0.001589"/>
      </testsuite>
      <testsuite name="App\Tests\Game\CardHandTest" file="/Users/mirnesmrso/dbwebb-kurser/mvc/me/report/tests/Game/CardHandTest.php" tests="4" assertions="5" errors="0" warnings="0" failures="0" skipped="0" time="0.002483">
        <testcase name="testAddAndGetCards" class="App\Tests\Game\CardHandTest" classname="App.Tests.Game.CardHandTest" file="/Users/mirnesmrso/dbwebb-kurser/mvc/me/report/tests/Game/CardHandTest.php" line="11" assertions="2" time="0.001145"/>
        <testcase name="testGetScoreWithoutAces" class="App\Tests\Game\CardHandTest" classname="App.Tests.Game.CardHandTest" file="/Users/mirnesmrso/dbwebb-kurser/mvc/me/report/tests/Game/CardHandTest.php" line="24" assertions="1" time="0.000440"/>
        <testcase name="testGetScoreWithAceUnder21" class="App\Tests\Game\CardHandTest" classname="App.Tests.Game.CardHandTest" file="/Users/mirnesmrso/dbwebb-kurser/mvc/me/report/tests/Game/CardHandTest.php" line="33" assertions="1" time="0.000431"/>
        <testcase name="testGetScoreWithAceOver21" class="App\Tests\Game\CardHandTest" classname="App.Tests.Game.CardHandTest" file="/Users/mirnesmrso/dbwebb-kurser/mvc/me/report/tests/Game/CardHandTest.php" line="42" assertions="1" time="0.000467"/>
      </testsuite>
      <testsuite name="App\Tests\Game\CardTest" file="/Users/mirnesmrso/dbwebb-kurser/mvc/me/report/tests/Game/CardTest.php" tests="5" assertions="12" errors="0" warnings="0" failures="0" skipped="0" time="0.002062">
        <testcase name="testCardInitialization" class="App\Tests\Game\CardTest" classname="App.Tests.Game.CardTest" file="/Users/mirnesmrso/dbwebb-kurser/mvc/me/report/tests/Game/CardTest.php" line="10" assertions="2" time="0.000406"/>
        <testcase name="testNumericCard" class="App\Tests\Game\CardTest" classname="App.Tests.Game.CardTest" file="/Users/mirnesmrso/dbwebb-kurser/mvc/me/report/tests/Game/CardTest.php" line="17" assertions="1" time="0.000398"/>
        <testcase name="testFaceCards" class="App\Tests\Game\CardTest" classname="App.Tests.Game.CardTest" file="/Users/mirnesmrso/dbwebb-kurser/mvc/me/report/tests/Game/CardTest.php" line="23" assertions="3" time="0.000424"/>
        <testcase name="testGetAsString" class="App\Tests\Game\CardTest" classname="App.Tests.Game.CardTest" file="/Users/mirnesmrso/dbwebb-kurser/mvc/me/report/tests/Game/CardTest.php" line="30" assertions="1" time="0.000398"/>
        <testcase name="testSuitSymbol" class="App\Tests\Game\CardTest" classname="App.Tests.Game.CardTest" file="/Users/mirnesmrso/dbwebb-kurser/mvc/me/report/tests/Game/CardTest.php" line="36" assertions="5" time="0.000436"/>
      </testsuite>
      <testsuite name="App\Tests\Game\DeckOfCardsTest" file="/Users/mirnesmrso/dbwebb-kurser/mvc/me/report/tests/Game/DeckOfCardsTest.php" tests="4" assertions="14" errors="0" warnings="0" failures="0" skipped="0" time="0.015462">
        <testcase name="testDeckHas52CardsAfterInitialization" class="App\Tests\Game\DeckOfCardsTest" classname="App.Tests.Game.DeckOfCardsTest" file="/Users/mirnesmrso/dbwebb-kurser/mvc/me/report/tests/Game/DeckOfCardsTest.php" line="11" assertions="2" time="0.000534"/>
        <testcase name="testDrawReturnsCorrectNumberOfCards" class="App\Tests\Game\DeckOfCardsTest" classname="App.Tests.Game.DeckOfCardsTest" file="/Users/mirnesmrso/dbwebb-kurser/mvc/me/report/tests/Game/DeckOfCardsTest.php" line="18" assertions="8" time="0.001197"/>
        <testcase name="testDrawMoreThanDeckReturnsAllRemaining" class="App\Tests\Game\DeckOfCardsTest" classname="App.Tests.Game.DeckOfCardsTest" file="/Users/mirnesmrso/dbwebb-kurser/mvc/me/report/tests/Game/DeckOfCardsTest.php" line="31" assertions="3" time="0.001139"/>
        <testcase name="testShuffleChangesCardOrder" class="App\Tests\Game\DeckOfCardsTest" classname="App.Tests.Game.DeckOfCardsTest" file="/Users/mirnesmrso/dbwebb-kurser/mvc/me/report/tests/Game/DeckOfCardsTest.php" line="40" assertions="1" time="0.012592"/>
      </testsuite>
      <testsuite name="App\Tests\Game\Game21Test" file="/Users/mirnesmrso/dbwebb-kurser/mvc/me/report/tests/Game21/Game21Test.php" tests="3" assertions="6" errors="0" warnings="0" failures="0" skipped="0" time="0.004074">
        <testcase name="testGameStartsWithTwoCards" class="App\Tests\Game\Game21Test" classname="App.Tests.Game.Game21Test" file="/Users/mirnesmrso/dbwebb-kurser/mvc/me/report/tests/Game21/Game21Test.php" line="10" assertions="2" time="0.001604"/>
        <testcase name="testPlayerDrawAndCheckTriggersBankOnBust" class="App\Tests\Game\Game21Test" classname="App.Tests.Game.Game21Test" file="/Users/mirnesmrso/dbwebb-kurser/mvc/me/report/tests/Game21/Game21Test.php" line="20" assertions="3" time="0.000929"/>
        <testcase name="testDetermineWinner" class="App\Tests\Game\Game21Test" classname="App.Tests.Game.Game21Test" file="/Users/mirnesmrso/dbwebb-kurser/mvc/me/report/tests/Game21/Game21Test.php" line="37" assertions="1" time="0.001541"/>
      </testsuite>
    </testsuite>
  </testsuite>
</testsuites>
