<?xml version="1.0" encoding="UTF-8"?>
<testsuites>
  <testsuite name="" tests="32" assertions="93" errors="0" warnings="0" failures="0" skipped="0" time="1.591108">
    <testsuite name="Project Test Suite" tests="32" assertions="93" errors="0" warnings="0" failures="0" skipped="0" time="1.591108">
      <testsuite name="App\Tests\Controller\ApiControllerTest" file="/Users/mirnesmrso/dbwebb-kurser/mvc/me/report/tests/Controller/ApiControllerTest.php" tests="3" assertions="18" errors="0" warnings="0" failures="0" skipped="0" time="0.740617">
        <testcase name="testQuote" class="App\Tests\Controller\ApiControllerTest" classname="App.Tests.Controller.ApiControllerTest" file="/Users/mirnesmrso/dbwebb-kurser/mvc/me/report/tests/Controller/ApiControllerTest.php" line="9" assertions="7" time="0.584131"/>
        <testcase name="testGetAllBooks" class="App\Tests\Controller\ApiControllerTest" classname="App.Tests.Controller.ApiControllerTest" file="/Users/mirnesmrso/dbwebb-kurser/mvc/me/report/tests/Controller/ApiControllerTest.php" line="27" assertions="8" time="0.144240"/>
        <testcase name="testGetBookByIsbnNotFound" class="App\Tests\Controller\ApiControllerTest" classname="App.Tests.Controller.ApiControllerTest" file="/Users/mirnesmrso/dbwebb-kurser/mvc/me/report/tests/Controller/ApiControllerTest.php" line="47" assertions="3" time="0.012247"/>
      </testsuite>
      <testsuite name="App\Tests\Controller\BookControllerTest" file="/Users/mirnesmrso/dbwebb-kurser/mvc/me/report/tests/Controller/BookControllerTest.php" tests="4" assertions="7" errors="0" warnings="0" failures="0" skipped="0" time="0.537364">
        <testcase name="testIndexPage" class="App\Tests\Controller\BookControllerTest" classname="App.Tests.Controller.BookControllerTest" file="/Users/mirnesmrso/dbwebb-kurser/mvc/me/report/tests/Controller/BookControllerTest.php" line="9" assertions="2" time="0.094970"/>
        <testcase name="testListPage" class="App\Tests\Controller\BookControllerTest" classname="App.Tests.Controller.BookControllerTest" file="/Users/mirnesmrso/dbwebb-kurser/mvc/me/report/tests/Controller/BookControllerTest.php" line="18" assertions="2" time="0.019159"/>
        <testcase name="testNewPage" class="App\Tests\Controller\BookControllerTest" classname="App.Tests.Controller.BookControllerTest" file="/Users/mirnesmrso/dbwebb-kurser/mvc/me/report/tests/Controller/BookControllerTest.php" line="27" assertions="2" time="0.176054"/>
        <testcase name="testShowPageNotFound" class="App\Tests\Controller\BookControllerTest" classname="App.Tests.Controller.BookControllerTest" file="/Users/mirnesmrso/dbwebb-kurser/mvc/me/report/tests/Controller/BookControllerTest.php" line="36" assertions="1" time="0.247182"/>
      </testsuite>
      <testsuite name="App\Tests\Controller\CardControllerTest" file="/Users/mirnesmrso/dbwebb-kurser/mvc/me/report/tests/Controller/CardControllerTest.php" tests="6" assertions="12" errors="0" warnings="0" failures="0" skipped="0" time="0.187054">
        <testcase name="testCardPage" class="App\Tests\Controller\CardControllerTest" classname="App.Tests.Controller.CardControllerTest" file="/Users/mirnesmrso/dbwebb-kurser/mvc/me/report/tests/Controller/CardControllerTest.php" line="9" assertions="2" time="0.018748"/>
        <testcase name="testDeckPage" class="App\Tests\Controller\CardControllerTest" classname="App.Tests.Controller.CardControllerTest" file="/Users/mirnesmrso/dbwebb-kurser/mvc/me/report/tests/Controller/CardControllerTest.php" line="18" assertions="2" time="0.060186"/>
        <testcase name="testShuffleDeck" class="App\Tests\Controller\CardControllerTest" classname="App.Tests.Controller.CardControllerTest" file="/Users/mirnesmrso/dbwebb-kurser/mvc/me/report/tests/Controller/CardControllerTest.php" line="27" assertions="2" time="0.054508"/>
        <testcase name="testDrawCards" class="App\Tests\Controller\CardControllerTest" classname="App.Tests.Controller.CardControllerTest" file="/Users/mirnesmrso/dbwebb-kurser/mvc/me/report/tests/Controller/CardControllerTest.php" line="36" assertions="2" time="0.021212"/>
        <testcase name="testSessionPage" class="App\Tests\Controller\CardControllerTest" classname="App.Tests.Controller.CardControllerTest" file="/Users/mirnesmrso/dbwebb-kurser/mvc/me/report/tests/Controller/CardControllerTest.php" line="45" assertions="2" time="0.017546"/>
        <testcase name="testDeleteSession" class="App\Tests\Controller\CardControllerTest" classname="App.Tests.Controller.CardControllerTest" file="/Users/mirnesmrso/dbwebb-kurser/mvc/me/report/tests/Controller/CardControllerTest.php" line="54" assertions="2" time="0.014854"/>
      </testsuite>
      <testsuite name="App\Tests\Controller\LuckyControllerTest" file="/Users/mirnesmrso/dbwebb-kurser/mvc/me/report/tests/Controller/LuckyControllerTest.php" tests="1" assertions="7" errors="0" warnings="0" failures="0" skipped="0" time="0.027257">
        <testcase name="testIndex" class="App\Tests\Controller\LuckyControllerTest" classname="App.Tests.Controller.LuckyControllerTest" file="/Users/mirnesmrso/dbwebb-kurser/mvc/me/report/tests/Controller/LuckyControllerTest.php" line="9" assertions="7" time="0.027257"/>
      </testsuite>
      <testsuite name="App\Tests\Form\BookFormTest" file="/Users/mirnesmrso/dbwebb-kurser/mvc/me/report/tests/Form/BookFormTest.php" tests="1" assertions="9" errors="0" warnings="0" failures="0" skipped="0" time="0.075400">
        <testcase name="testBuildForm" class="App\Tests\Form\BookFormTest" classname="App.Tests.Form.BookFormTest" file="/Users/mirnesmrso/dbwebb-kurser/mvc/me/report/tests/Form/BookFormTest.php" line="11" assertions="9" time="0.075400"/>
      </testsuite>
      <testsuite name="App\Tests\Game\CardGraphicTest" file="/Users/mirnesmrso/dbwebb-kurser/mvc/me/report/tests/Game/CardGraphicTest.php" tests="1" assertions="3" errors="0" warnings="0" failures="0" skipped="0" time="0.001677">
        <testcase name="testToString" class="App\Tests\Game\CardGraphicTest" classname="App.Tests.Game.CardGraphicTest" file="/Users/mirnesmrso/dbwebb-kurser/mvc/me/report/tests/Game/CardGraphicTest.php" line="10" assertions="3" time="0.001677"/>
      </testsuite>
      <testsuite name="App\Tests\Game\CardHandTest" file="/Users/mirnesmrso/dbwebb-kurser/mvc/me/report/tests/Game/CardHandTest.php" tests="4" assertions="5" errors="0" warnings="0" failures="0" skipped="0" time="0.004371">
        <testcase name="testAddAndGetCards" class="App\Tests\Game\CardHandTest" classname="App.Tests.Game.CardHandTest" file="/Users/mirnesmrso/dbwebb-kurser/mvc/me/report/tests/Game/CardHandTest.php" line="11" assertions="2" time="0.002902"/>
        <testcase name="testGetScoreWithoutAces" class="App\Tests\Game\CardHandTest" classname="App.Tests.Game.CardHandTest" file="/Users/mirnesmrso/dbwebb-kurser/mvc/me/report/tests/Game/CardHandTest.php" line="24" assertions="1" time="0.000519"/>
        <testcase name="testGetScoreWithAceUnder21" class="App\Tests\Game\CardHandTest" classname="App.Tests.Game.CardHandTest" file="/Users/mirnesmrso/dbwebb-kurser/mvc/me/report/tests/Game/CardHandTest.php" line="33" assertions="1" time="0.000474"/>
        <testcase name="testGetScoreWithAceOver21" class="App\Tests\Game\CardHandTest" classname="App.Tests.Game.CardHandTest" file="/Users/mirnesmrso/dbwebb-kurser/mvc/me/report/tests/Game/CardHandTest.php" line="42" assertions="1" time="0.000475"/>
      </testsuite>
      <testsuite name="App\Tests\Game\CardTest" file="/Users/mirnesmrso/dbwebb-kurser/mvc/me/report/tests/Game/CardTest.php" tests="5" assertions="12" errors="0" warnings="0" failures="0" skipped="0" time="0.002739">
        <testcase name="testCardInitialization" class="App\Tests\Game\CardTest" classname="App.Tests.Game.CardTest" file="/Users/mirnesmrso/dbwebb-kurser/mvc/me/report/tests/Game/CardTest.php" line="10" assertions="2" time="0.000463"/>
        <testcase name="testNumericCard" class="App\Tests\Game\CardTest" classname="App.Tests.Game.CardTest" file="/Users/mirnesmrso/dbwebb-kurser/mvc/me/report/tests/Game/CardTest.php" line="17" assertions="1" time="0.000383"/>
        <testcase name="testFaceCards" class="App\Tests\Game\CardTest" classname="App.Tests.Game.CardTest" file="/Users/mirnesmrso/dbwebb-kurser/mvc/me/report/tests/Game/CardTest.php" line="23" assertions="3" time="0.000780"/>
        <testcase name="testGetAsString" class="App\Tests\Game\CardTest" classname="App.Tests.Game.CardTest" file="/Users/mirnesmrso/dbwebb-kurser/mvc/me/report/tests/Game/CardTest.php" line="30" assertions="1" time="0.000641"/>
        <testcase name="testSuitSymbol" class="App\Tests\Game\CardTest" classname="App.Tests.Game.CardTest" file="/Users/mirnesmrso/dbwebb-kurser/mvc/me/report/tests/Game/CardTest.php" line="36" assertions="5" time="0.000472"/>
      </testsuite>
      <testsuite name="App\Tests\Game\DeckOfCardsTest" file="/Users/mirnesmrso/dbwebb-kurser/mvc/me/report/tests/Game/DeckOfCardsTest.php" tests="4" assertions="14" errors="0" warnings="0" failures="0" skipped="0" time="0.008993">
        <testcase name="testDeckHas52CardsAfterInitialization" class="App\Tests\Game\DeckOfCardsTest" classname="App.Tests.Game.DeckOfCardsTest" file="/Users/mirnesmrso/dbwebb-kurser/mvc/me/report/tests/Game/DeckOfCardsTest.php" line="11" assertions="2" time="0.000563"/>
        <testcase name="testDrawReturnsCorrectNumberOfCards" class="App\Tests\Game\DeckOfCardsTest" classname="App.Tests.Game.DeckOfCardsTest" file="/Users/mirnesmrso/dbwebb-kurser/mvc/me/report/tests/Game/DeckOfCardsTest.php" line="18" assertions="8" time="0.001720"/>
        <testcase name="testDrawMoreThanDeckReturnsAllRemaining" class="App\Tests\Game\DeckOfCardsTest" classname="App.Tests.Game.DeckOfCardsTest" file="/Users/mirnesmrso/dbwebb-kurser/mvc/me/report/tests/Game/DeckOfCardsTest.php" line="31" assertions="3" time="0.001677"/>
        <testcase name="testShuffleChangesCardOrder" class="App\Tests\Game\DeckOfCardsTest" classname="App.Tests.Game.DeckOfCardsTest" file="/Users/mirnesmrso/dbwebb-kurser/mvc/me/report/tests/Game/DeckOfCardsTest.php" line="40" assertions="1" time="0.005033"/>
      </testsuite>
      <testsuite name="App\Tests\Game\Game21Test" file="/Users/mirnesmrso/dbwebb-kurser/mvc/me/report/tests/Game21/Game21Test.php" tests="3" assertions="6" errors="0" warnings="0" failures="0" skipped="0" time="0.005635">
        <testcase name="testGameStartsWithTwoCards" class="App\Tests\Game\Game21Test" classname="App.Tests.Game.Game21Test" file="/Users/mirnesmrso/dbwebb-kurser/mvc/me/report/tests/Game21/Game21Test.php" line="10" assertions="2" time="0.002689"/>
        <testcase name="testPlayerDrawAndCheckTriggersBankOnBust" class="App\Tests\Game\Game21Test" classname="App.Tests.Game.Game21Test" file="/Users/mirnesmrso/dbwebb-kurser/mvc/me/report/tests/Game21/Game21Test.php" line="20" assertions="3" time="0.000896"/>
        <testcase name="testDetermineWinner" class="App\Tests\Game\Game21Test" classname="App.Tests.Game.Game21Test" file="/Users/mirnesmrso/dbwebb-kurser/mvc/me/report/tests/Game21/Game21Test.php" line="37" assertions="1" time="0.002050"/>
      </testsuite>
    </testsuite>
  </testsuite>
</testsuites>
