<?xml version="1.0" encoding="UTF-8"?>
<testsuites>
  <testsuite name="" tests="59" assertions="158" errors="0" warnings="0" failures="0" skipped="0" time="2.227935">
    <testsuite name="Project Test Suite" tests="59" assertions="158" errors="0" warnings="0" failures="0" skipped="0" time="2.227935">
      <testsuite name="App\Tests\BlackJack\BlackJackTest" file="/Users/mirnesmrso/dbwebb-kurser/mvc/me/report/tests/BlackJack/BlackJackTest.php" tests="4" assertions="5" errors="0" warnings="0" failures="0" skipped="0" time="0.037593">
        <testcase name="testGameStartsWithOnePlayerHand" class="App\Tests\BlackJack\BlackJackTest" classname="App.Tests.BlackJack.BlackJackTest" file="/Users/mirnesmrso/dbwebb-kurser/mvc/me/report/tests/BlackJack/BlackJackTest.php" line="11" assertions="2" time="0.028383"/>
        <testcase name="testPlayerBustsAfterHit" class="App\Tests\BlackJack\BlackJackTest" classname="App.Tests.BlackJack.BlackJackTest" file="/Users/mirnesmrso/dbwebb-kurser/mvc/me/report/tests/BlackJack/BlackJackTest.php" line="22" assertions="1" time="0.001864"/>
        <testcase name="testRoundResultIncludesWin" class="App\Tests\BlackJack\BlackJackTest" classname="App.Tests.BlackJack.BlackJackTest" file="/Users/mirnesmrso/dbwebb-kurser/mvc/me/report/tests/BlackJack/BlackJackTest.php" line="39" assertions="1" time="0.002580"/>
        <testcase name="testInvalidStartGameThrowsException" class="App\Tests\BlackJack\BlackJackTest" classname="App.Tests.BlackJack.BlackJackTest" file="/Users/mirnesmrso/dbwebb-kurser/mvc/me/report/tests/BlackJack/BlackJackTest.php" line="64" assertions="1" time="0.004766"/>
      </testsuite>
      <testsuite name="App\Tests\Controller\ApiControllerTest" file="/Users/mirnesmrso/dbwebb-kurser/mvc/me/report/tests/Controller/ApiControllerTest.php" tests="4" assertions="19" errors="0" warnings="0" failures="0" skipped="0" time="1.018210">
        <testcase name="testQuote" class="App\Tests\Controller\ApiControllerTest" classname="App.Tests.Controller.ApiControllerTest" file="/Users/mirnesmrso/dbwebb-kurser/mvc/me/report/tests/Controller/ApiControllerTest.php" line="9" assertions="11" time="0.343583"/>
        <testcase name="testGetAllBooks" class="App\Tests\Controller\ApiControllerTest" classname="App.Tests.Controller.ApiControllerTest" file="/Users/mirnesmrso/dbwebb-kurser/mvc/me/report/tests/Controller/ApiControllerTest.php" line="33" assertions="4" time="0.155889"/>
        <testcase name="testGetBookByIsbnNotFound" class="App\Tests\Controller\ApiControllerTest" classname="App.Tests.Controller.ApiControllerTest" file="/Users/mirnesmrso/dbwebb-kurser/mvc/me/report/tests/Controller/ApiControllerTest.php" line="56" assertions="3" time="0.009693"/>
        <testcase name="testInvalidEndpoint" class="App\Tests\Controller\ApiControllerTest" classname="App.Tests.Controller.ApiControllerTest" file="/Users/mirnesmrso/dbwebb-kurser/mvc/me/report/tests/Controller/ApiControllerTest.php" line="71" assertions="1" time="0.509045"/>
      </testsuite>
      <testsuite name="App\Tests\Controller\BookControllerTest" file="/Users/mirnesmrso/dbwebb-kurser/mvc/me/report/tests/Controller/BookControllerTest.php" tests="4" assertions="7" errors="0" warnings="0" failures="0" skipped="0" time="0.515958">
        <testcase name="testIndexPage" class="App\Tests\Controller\BookControllerTest" classname="App.Tests.Controller.BookControllerTest" file="/Users/mirnesmrso/dbwebb-kurser/mvc/me/report/tests/Controller/BookControllerTest.php" line="9" assertions="2" time="0.076616"/>
        <testcase name="testListPage" class="App\Tests\Controller\BookControllerTest" classname="App.Tests.Controller.BookControllerTest" file="/Users/mirnesmrso/dbwebb-kurser/mvc/me/report/tests/Controller/BookControllerTest.php" line="18" assertions="2" time="0.031821"/>
        <testcase name="testNewPage" class="App\Tests\Controller\BookControllerTest" classname="App.Tests.Controller.BookControllerTest" file="/Users/mirnesmrso/dbwebb-kurser/mvc/me/report/tests/Controller/BookControllerTest.php" line="27" assertions="2" time="0.196866"/>
        <testcase name="testShowPageNotFound" class="App\Tests\Controller\BookControllerTest" classname="App.Tests.Controller.BookControllerTest" file="/Users/mirnesmrso/dbwebb-kurser/mvc/me/report/tests/Controller/BookControllerTest.php" line="36" assertions="1" time="0.210655"/>
      </testsuite>
      <testsuite name="App\Tests\Controller\CardControllerTest" file="/Users/mirnesmrso/dbwebb-kurser/mvc/me/report/tests/Controller/CardControllerTest.php" tests="6" assertions="12" errors="0" warnings="0" failures="0" skipped="0" time="0.199134">
        <testcase name="testCardPage" class="App\Tests\Controller\CardControllerTest" classname="App.Tests.Controller.CardControllerTest" file="/Users/mirnesmrso/dbwebb-kurser/mvc/me/report/tests/Controller/CardControllerTest.php" line="9" assertions="2" time="0.034056"/>
        <testcase name="testDeckPage" class="App\Tests\Controller\CardControllerTest" classname="App.Tests.Controller.CardControllerTest" file="/Users/mirnesmrso/dbwebb-kurser/mvc/me/report/tests/Controller/CardControllerTest.php" line="18" assertions="2" time="0.054170"/>
        <testcase name="testShuffleDeck" class="App\Tests\Controller\CardControllerTest" classname="App.Tests.Controller.CardControllerTest" file="/Users/mirnesmrso/dbwebb-kurser/mvc/me/report/tests/Controller/CardControllerTest.php" line="27" assertions="2" time="0.057905"/>
        <testcase name="testDrawCards" class="App\Tests\Controller\CardControllerTest" classname="App.Tests.Controller.CardControllerTest" file="/Users/mirnesmrso/dbwebb-kurser/mvc/me/report/tests/Controller/CardControllerTest.php" line="36" assertions="2" time="0.020031"/>
        <testcase name="testSessionPage" class="App\Tests\Controller\CardControllerTest" classname="App.Tests.Controller.CardControllerTest" file="/Users/mirnesmrso/dbwebb-kurser/mvc/me/report/tests/Controller/CardControllerTest.php" line="45" assertions="2" time="0.017256"/>
        <testcase name="testDeleteSession" class="App\Tests\Controller\CardControllerTest" classname="App.Tests.Controller.CardControllerTest" file="/Users/mirnesmrso/dbwebb-kurser/mvc/me/report/tests/Controller/CardControllerTest.php" line="54" assertions="2" time="0.015716"/>
      </testsuite>
      <testsuite name="App\Tests\Controller\GameControllerTest" file="/Users/mirnesmrso/dbwebb-kurser/mvc/me/report/tests/Controller/GameControllerTest.php" tests="7" assertions="17" errors="0" warnings="0" failures="0" skipped="0" time="0.162630">
        <testcase name="testIntroClearsSession" class="App\Tests\Controller\GameControllerTest" classname="App.Tests.Controller.GameControllerTest" file="/Users/mirnesmrso/dbwebb-kurser/mvc/me/report/tests/Controller/GameControllerTest.php" line="9" assertions="3" time="0.034405"/>
        <testcase name="testStartInitializesGameAndRedirects" class="App\Tests\Controller\GameControllerTest" classname="App.Tests.Controller.GameControllerTest" file="/Users/mirnesmrso/dbwebb-kurser/mvc/me/report/tests/Controller/GameControllerTest.php" line="23" assertions="2" time="0.011560"/>
        <testcase name="testPlayRedirectsIfNoGame" class="App\Tests\Controller\GameControllerTest" classname="App.Tests.Controller.GameControllerTest" file="/Users/mirnesmrso/dbwebb-kurser/mvc/me/report/tests/Controller/GameControllerTest.php" line="31" assertions="2" time="0.022750"/>
        <testcase name="testPlayRendersGameState" class="App\Tests\Controller\GameControllerTest" classname="App.Tests.Controller.GameControllerTest" file="/Users/mirnesmrso/dbwebb-kurser/mvc/me/report/tests/Controller/GameControllerTest.php" line="41" assertions="3" time="0.028094"/>
        <testcase name="testDrawUpdatesGameAndRedirects" class="App\Tests\Controller\GameControllerTest" classname="App.Tests.Controller.GameControllerTest" file="/Users/mirnesmrso/dbwebb-kurser/mvc/me/report/tests/Controller/GameControllerTest.php" line="55" assertions="2" time="0.023084"/>
        <testcase name="testStayUpdatesGameAndRedirects" class="App\Tests\Controller\GameControllerTest" classname="App.Tests.Controller.GameControllerTest" file="/Users/mirnesmrso/dbwebb-kurser/mvc/me/report/tests/Controller/GameControllerTest.php" line="65" assertions="2" time="0.024127"/>
        <testcase name="testDocumentationPageLoads" class="App\Tests\Controller\GameControllerTest" classname="App.Tests.Controller.GameControllerTest" file="/Users/mirnesmrso/dbwebb-kurser/mvc/me/report/tests/Controller/GameControllerTest.php" line="75" assertions="3" time="0.018610"/>
      </testsuite>
      <testsuite name="App\Tests\Controller\LuckyControllerTest" file="/Users/mirnesmrso/dbwebb-kurser/mvc/me/report/tests/Controller/LuckyControllerTest.php" tests="3" assertions="21" errors="0" warnings="0" failures="0" skipped="0" time="0.098845">
        <testcase name="testIndex" class="App\Tests\Controller\LuckyControllerTest" classname="App.Tests.Controller.LuckyControllerTest" file="/Users/mirnesmrso/dbwebb-kurser/mvc/me/report/tests/Controller/LuckyControllerTest.php" line="9" assertions="8" time="0.023552"/>
        <testcase name="testMultipleRequestsReturnDifferentNumbers" class="App\Tests\Controller\LuckyControllerTest" classname="App.Tests.Controller.LuckyControllerTest" file="/Users/mirnesmrso/dbwebb-kurser/mvc/me/report/tests/Controller/LuckyControllerTest.php" line="32" assertions="11" time="0.060785"/>
        <testcase name="testImageFileExtensions" class="App\Tests\Controller\LuckyControllerTest" classname="App.Tests.Controller.LuckyControllerTest" file="/Users/mirnesmrso/dbwebb-kurser/mvc/me/report/tests/Controller/LuckyControllerTest.php" line="52" assertions="2" time="0.014509"/>
      </testsuite>
      <testsuite name="App\Tests\Controller\ProductControllerTest" file="/Users/mirnesmrso/dbwebb-kurser/mvc/me/report/tests/Controller/ProductControllerTest.php" tests="3" assertions="9" errors="0" warnings="0" failures="0" skipped="0" time="0.046866">
        <testcase name="testIndex" class="App\Tests\Controller\ProductControllerTest" classname="App.Tests.Controller.ProductControllerTest" file="/Users/mirnesmrso/dbwebb-kurser/mvc/me/report/tests/Controller/ProductControllerTest.php" line="9" assertions="3" time="0.022726"/>
        <testcase name="testShowAllProduct" class="App\Tests\Controller\ProductControllerTest" classname="App.Tests.Controller.ProductControllerTest" file="/Users/mirnesmrso/dbwebb-kurser/mvc/me/report/tests/Controller/ProductControllerTest.php" line="17" assertions="2" time="0.015031"/>
        <testcase name="testShowProductByIdNotFound" class="App\Tests\Controller\ProductControllerTest" classname="App.Tests.Controller.ProductControllerTest" file="/Users/mirnesmrso/dbwebb-kurser/mvc/me/report/tests/Controller/ProductControllerTest.php" line="25" assertions="4" time="0.009109"/>
      </testsuite>
      <testsuite name="App\Tests\Entity\BookTest" file="/Users/mirnesmrso/dbwebb-kurser/mvc/me/report/tests/Entity/BookTest.php" tests="1" assertions="9" errors="0" warnings="0" failures="0" skipped="0" time="0.002608">
        <testcase name="testGettersAndSetters" class="App\Tests\Entity\BookTest" classname="App.Tests.Entity.BookTest" file="/Users/mirnesmrso/dbwebb-kurser/mvc/me/report/tests/Entity/BookTest.php" line="10" assertions="9" time="0.002608"/>
      </testsuite>
      <testsuite name="App\Tests\Entity\NameStringTest" file="/Users/mirnesmrso/dbwebb-kurser/mvc/me/report/tests/Entity/NameStringTest.php" tests="2" assertions="4" errors="0" warnings="0" failures="0" skipped="0" time="0.003150">
        <testcase name="testGetSetValue" class="App\Tests\Entity\NameStringTest" classname="App.Tests.Entity.NameStringTest" file="/Users/mirnesmrso/dbwebb-kurser/mvc/me/report/tests/Entity/NameStringTest.php" line="10" assertions="3" time="0.002662"/>
        <testcase name="testGetIdInitiallyNull" class="App\Tests\Entity\NameStringTest" classname="App.Tests.Entity.NameStringTest" file="/Users/mirnesmrso/dbwebb-kurser/mvc/me/report/tests/Entity/NameStringTest.php" line="22" assertions="1" time="0.000487"/>
      </testsuite>
      <testsuite name="App\Tests\Entity\ProductTest" file="/Users/mirnesmrso/dbwebb-kurser/mvc/me/report/tests/Entity/ProductTest.php" tests="1" assertions="5" errors="0" warnings="0" failures="0" skipped="0" time="0.000505">
        <testcase name="testGettersAndSetters" class="App\Tests\Entity\ProductTest" classname="App.Tests.Entity.ProductTest" file="/Users/mirnesmrso/dbwebb-kurser/mvc/me/report/tests/Entity/ProductTest.php" line="10" assertions="5" time="0.000505"/>
      </testsuite>
      <testsuite name="App\Tests\Form\BookFormTest" file="/Users/mirnesmrso/dbwebb-kurser/mvc/me/report/tests/Form/BookFormTest.php" tests="1" assertions="9" errors="0" warnings="0" failures="0" skipped="0" time="0.092652">
        <testcase name="testBuildForm" class="App\Tests\Form\BookFormTest" classname="App.Tests.Form.BookFormTest" file="/Users/mirnesmrso/dbwebb-kurser/mvc/me/report/tests/Form/BookFormTest.php" line="11" assertions="9" time="0.092652"/>
      </testsuite>
      <testsuite name="App\Tests\Game\CardGraphicTest" file="/Users/mirnesmrso/dbwebb-kurser/mvc/me/report/tests/Game/CardGraphicTest.php" tests="1" assertions="3" errors="0" warnings="0" failures="0" skipped="0" time="0.002197">
        <testcase name="testToString" class="App\Tests\Game\CardGraphicTest" classname="App.Tests.Game.CardGraphicTest" file="/Users/mirnesmrso/dbwebb-kurser/mvc/me/report/tests/Game/CardGraphicTest.php" line="10" assertions="3" time="0.002197"/>
      </testsuite>
      <testsuite name="App\Tests\Game\CardHandTest" file="/Users/mirnesmrso/dbwebb-kurser/mvc/me/report/tests/Game/CardHandTest.php" tests="12" assertions="14" errors="0" warnings="0" failures="0" skipped="0" time="0.034997">
        <testcase name="testAddAndGetCards" class="App\Tests\Game\CardHandTest" classname="App.Tests.Game.CardHandTest" file="/Users/mirnesmrso/dbwebb-kurser/mvc/me/report/tests/Game/CardHandTest.php" line="19" assertions="3" time="0.019220"/>
        <testcase name="testGetScoreWithoutAces" class="App\Tests\Game\CardHandTest" classname="App.Tests.Game.CardHandTest" file="/Users/mirnesmrso/dbwebb-kurser/mvc/me/report/tests/Game/CardHandTest.php" line="35" assertions="1" time="0.003081"/>
        <testcase name="testGetScoreWithAceAs11" class="App\Tests\Game\CardHandTest" classname="App.Tests.Game.CardHandTest" file="/Users/mirnesmrso/dbwebb-kurser/mvc/me/report/tests/Game/CardHandTest.php" line="44" assertions="1" time="0.001048"/>
        <testcase name="testGetScoreWithAceAs1" class="App\Tests\Game\CardHandTest" classname="App.Tests.Game.CardHandTest" file="/Users/mirnesmrso/dbwebb-kurser/mvc/me/report/tests/Game/CardHandTest.php" line="54" assertions="1" time="0.001104"/>
        <testcase name="testMultipleAcesHandledCorrectly" class="App\Tests\Game\CardHandTest" classname="App.Tests.Game.CardHandTest" file="/Users/mirnesmrso/dbwebb-kurser/mvc/me/report/tests/Game/CardHandTest.php" line="65" assertions="1" time="0.002268"/>
        <testcase name="testCanSplitReturnsTrueWhenCardsHaveSameValue" class="App\Tests\Game\CardHandTest" classname="App.Tests.Game.CardHandTest" file="/Users/mirnesmrso/dbwebb-kurser/mvc/me/report/tests/Game/CardHandTest.php" line="76" assertions="1" time="0.001218"/>
        <testcase name="testCanSplitReturnsFalseWhenCardsHaveDifferentValue" class="App\Tests\Game\CardHandTest" classname="App.Tests.Game.CardHandTest" file="/Users/mirnesmrso/dbwebb-kurser/mvc/me/report/tests/Game/CardHandTest.php" line="85" assertions="1" time="0.002012"/>
        <testcase name="testIsBustReturnsTrueWhenScoreOver21" class="App\Tests\Game\CardHandTest" classname="App.Tests.Game.CardHandTest" file="/Users/mirnesmrso/dbwebb-kurser/mvc/me/report/tests/Game/CardHandTest.php" line="94" assertions="1" time="0.001565"/>
        <testcase name="testIsBustReturnsFalseWhenScore21OrLess" class="App\Tests\Game\CardHandTest" classname="App.Tests.Game.CardHandTest" file="/Users/mirnesmrso/dbwebb-kurser/mvc/me/report/tests/Game/CardHandTest.php" line="104" assertions="1" time="0.001029"/>
        <testcase name="testIsDoneReturnsTrueWhenStanding" class="App\Tests\Game\CardHandTest" classname="App.Tests.Game.CardHandTest" file="/Users/mirnesmrso/dbwebb-kurser/mvc/me/report/tests/Game/CardHandTest.php" line="113" assertions="1" time="0.000439"/>
        <testcase name="testIsDoneReturnsTrueWhenBust" class="App\Tests\Game\CardHandTest" classname="App.Tests.Game.CardHandTest" file="/Users/mirnesmrso/dbwebb-kurser/mvc/me/report/tests/Game/CardHandTest.php" line="121" assertions="1" time="0.001035"/>
        <testcase name="testIsDoneReturnsFalseWhenNotBustOrStanding" class="App\Tests\Game\CardHandTest" classname="App.Tests.Game.CardHandTest" file="/Users/mirnesmrso/dbwebb-kurser/mvc/me/report/tests/Game/CardHandTest.php" line="131" assertions="1" time="0.000979"/>
      </testsuite>
      <testsuite name="App\Tests\Game\CardTest" file="/Users/mirnesmrso/dbwebb-kurser/mvc/me/report/tests/Game/CardTest.php" tests="3" assertions="7" errors="0" warnings="0" failures="0" skipped="0" time="0.001185">
        <testcase name="testGetSuitAndValue" class="App\Tests\Game\CardTest" classname="App.Tests.Game.CardTest" file="/Users/mirnesmrso/dbwebb-kurser/mvc/me/report/tests/Game/CardTest.php" line="10" assertions="3" time="0.000407"/>
        <testcase name="testGetSuitSymbol" class="App\Tests\Game\CardTest" classname="App.Tests.Game.CardTest" file="/Users/mirnesmrso/dbwebb-kurser/mvc/me/report/tests/Game/CardTest.php" line="18" assertions="3" time="0.000395"/>
        <testcase name="testGetAsString" class="App\Tests\Game\CardTest" classname="App.Tests.Game.CardTest" file="/Users/mirnesmrso/dbwebb-kurser/mvc/me/report/tests/Game/CardTest.php" line="30" assertions="1" time="0.000383"/>
      </testsuite>
      <testsuite name="App\Tests\Game\DeckOfCardsTest" file="/Users/mirnesmrso/dbwebb-kurser/mvc/me/report/tests/Game/DeckOfCardsTest.php" tests="4" assertions="11" errors="0" warnings="0" failures="0" skipped="0" time="0.007581">
        <testcase name="testDeckHas52CardsAfterInitialization" class="App\Tests\Game\DeckOfCardsTest" classname="App.Tests.Game.DeckOfCardsTest" file="/Users/mirnesmrso/dbwebb-kurser/mvc/me/report/tests/Game/DeckOfCardsTest.php" line="14" assertions="1" time="0.000491"/>
        <testcase name="testDrawMultipleReturnsCorrectNumberOfCards" class="App\Tests\Game\DeckOfCardsTest" classname="App.Tests.Game.DeckOfCardsTest" file="/Users/mirnesmrso/dbwebb-kurser/mvc/me/report/tests/Game/DeckOfCardsTest.php" line="23" assertions="7" time="0.000653"/>
        <testcase name="testDrawMoreThanDeckReturnsAllRemaining" class="App\Tests\Game\DeckOfCardsTest" classname="App.Tests.Game.DeckOfCardsTest" file="/Users/mirnesmrso/dbwebb-kurser/mvc/me/report/tests/Game/DeckOfCardsTest.php" line="42" assertions="2" time="0.000631"/>
        <testcase name="testShuffleChangesCardOrder" class="App\Tests\Game\DeckOfCardsTest" classname="App.Tests.Game.DeckOfCardsTest" file="/Users/mirnesmrso/dbwebb-kurser/mvc/me/report/tests/Game/DeckOfCardsTest.php" line="54" assertions="1" time="0.005805"/>
      </testsuite>
      <testsuite name="App\Tests\Game\Game21Test" file="/Users/mirnesmrso/dbwebb-kurser/mvc/me/report/tests/Game21/Game21Test.php" tests="3" assertions="6" errors="0" warnings="0" failures="0" skipped="0" time="0.003826">
        <testcase name="testGameStartsWithTwoCards" class="App\Tests\Game\Game21Test" classname="App.Tests.Game.Game21Test" file="/Users/mirnesmrso/dbwebb-kurser/mvc/me/report/tests/Game21/Game21Test.php" line="10" assertions="2" time="0.000584"/>
        <testcase name="testPlayerDrawAndCheckTriggersBankOnBust" class="App\Tests\Game\Game21Test" classname="App.Tests.Game.Game21Test" file="/Users/mirnesmrso/dbwebb-kurser/mvc/me/report/tests/Game21/Game21Test.php" line="20" assertions="3" time="0.000719"/>
        <testcase name="testDetermineWinner" class="App\Tests\Game\Game21Test" classname="App.Tests.Game.Game21Test" file="/Users/mirnesmrso/dbwebb-kurser/mvc/me/report/tests/Game21/Game21Test.php" line="37" assertions="1" time="0.002523"/>
      </testsuite>
    </testsuite>
  </testsuite>
</testsuites>
