<?xml version="1.0" encoding="UTF-8"?>
<testsuites>
  <testsuite name="" tests="47" assertions="153" errors="0" warnings="0" failures="0" skipped="0" time="2.530900">
    <testsuite name="Project Test Suite" tests="47" assertions="153" errors="0" warnings="0" failures="0" skipped="0" time="2.530900">
      <testsuite name="App\Tests\Controller\ApiControllerTest" file="/Users/mirnesmrso/dbwebb-kurser/mvc/me/report/tests/Controller/ApiControllerTest.php" tests="4" assertions="24" errors="0" warnings="0" failures="0" skipped="0" time="1.431445">
        <testcase name="testQuote" class="App\Tests\Controller\ApiControllerTest" classname="App.Tests.Controller.ApiControllerTest" file="/Users/mirnesmrso/dbwebb-kurser/mvc/me/report/tests/Controller/ApiControllerTest.php" line="9" assertions="11" time="0.752333"/>
        <testcase name="testGetAllBooks" class="App\Tests\Controller\ApiControllerTest" classname="App.Tests.Controller.ApiControllerTest" file="/Users/mirnesmrso/dbwebb-kurser/mvc/me/report/tests/Controller/ApiControllerTest.php" line="33" assertions="9" time="0.166282"/>
        <testcase name="testGetBookByIsbnNotFound" class="App\Tests\Controller\ApiControllerTest" classname="App.Tests.Controller.ApiControllerTest" file="/Users/mirnesmrso/dbwebb-kurser/mvc/me/report/tests/Controller/ApiControllerTest.php" line="56" assertions="3" time="0.012477"/>
        <testcase name="testInvalidEndpoint" class="App\Tests\Controller\ApiControllerTest" classname="App.Tests.Controller.ApiControllerTest" file="/Users/mirnesmrso/dbwebb-kurser/mvc/me/report/tests/Controller/ApiControllerTest.php" line="71" assertions="1" time="0.500352"/>
      </testsuite>
      <testsuite name="App\Tests\Controller\BookControllerTest" file="/Users/mirnesmrso/dbwebb-kurser/mvc/me/report/tests/Controller/BookControllerTest.php" tests="4" assertions="7" errors="0" warnings="0" failures="0" skipped="0" time="0.523182">
        <testcase name="testIndexPage" class="App\Tests\Controller\BookControllerTest" classname="App.Tests.Controller.BookControllerTest" file="/Users/mirnesmrso/dbwebb-kurser/mvc/me/report/tests/Controller/BookControllerTest.php" line="9" assertions="2" time="0.105896"/>
        <testcase name="testListPage" class="App\Tests\Controller\BookControllerTest" classname="App.Tests.Controller.BookControllerTest" file="/Users/mirnesmrso/dbwebb-kurser/mvc/me/report/tests/Controller/BookControllerTest.php" line="18" assertions="2" time="0.023639"/>
        <testcase name="testNewPage" class="App\Tests\Controller\BookControllerTest" classname="App.Tests.Controller.BookControllerTest" file="/Users/mirnesmrso/dbwebb-kurser/mvc/me/report/tests/Controller/BookControllerTest.php" line="27" assertions="2" time="0.185245"/>
        <testcase name="testShowPageNotFound" class="App\Tests\Controller\BookControllerTest" classname="App.Tests.Controller.BookControllerTest" file="/Users/mirnesmrso/dbwebb-kurser/mvc/me/report/tests/Controller/BookControllerTest.php" line="36" assertions="1" time="0.208402"/>
      </testsuite>
      <testsuite name="App\Tests\Controller\CardControllerTest" file="/Users/mirnesmrso/dbwebb-kurser/mvc/me/report/tests/Controller/CardControllerTest.php" tests="6" assertions="12" errors="0" warnings="0" failures="0" skipped="0" time="0.186870">
        <testcase name="testCardPage" class="App\Tests\Controller\CardControllerTest" classname="App.Tests.Controller.CardControllerTest" file="/Users/mirnesmrso/dbwebb-kurser/mvc/me/report/tests/Controller/CardControllerTest.php" line="9" assertions="2" time="0.025324"/>
        <testcase name="testDeckPage" class="App\Tests\Controller\CardControllerTest" classname="App.Tests.Controller.CardControllerTest" file="/Users/mirnesmrso/dbwebb-kurser/mvc/me/report/tests/Controller/CardControllerTest.php" line="18" assertions="2" time="0.055904"/>
        <testcase name="testShuffleDeck" class="App\Tests\Controller\CardControllerTest" classname="App.Tests.Controller.CardControllerTest" file="/Users/mirnesmrso/dbwebb-kurser/mvc/me/report/tests/Controller/CardControllerTest.php" line="27" assertions="2" time="0.053856"/>
        <testcase name="testDrawCards" class="App\Tests\Controller\CardControllerTest" classname="App.Tests.Controller.CardControllerTest" file="/Users/mirnesmrso/dbwebb-kurser/mvc/me/report/tests/Controller/CardControllerTest.php" line="36" assertions="2" time="0.020764"/>
        <testcase name="testSessionPage" class="App\Tests\Controller\CardControllerTest" classname="App.Tests.Controller.CardControllerTest" file="/Users/mirnesmrso/dbwebb-kurser/mvc/me/report/tests/Controller/CardControllerTest.php" line="45" assertions="2" time="0.017076"/>
        <testcase name="testDeleteSession" class="App\Tests\Controller\CardControllerTest" classname="App.Tests.Controller.CardControllerTest" file="/Users/mirnesmrso/dbwebb-kurser/mvc/me/report/tests/Controller/CardControllerTest.php" line="54" assertions="2" time="0.013947"/>
      </testsuite>
      <testsuite name="App\Tests\Controller\GameControllerTest" file="/Users/mirnesmrso/dbwebb-kurser/mvc/me/report/tests/Controller/GameControllerTest.php" tests="7" assertions="17" errors="0" warnings="0" failures="0" skipped="0" time="0.154724">
        <testcase name="testIntroClearsSession" class="App\Tests\Controller\GameControllerTest" classname="App.Tests.Controller.GameControllerTest" file="/Users/mirnesmrso/dbwebb-kurser/mvc/me/report/tests/Controller/GameControllerTest.php" line="9" assertions="3" time="0.031913"/>
        <testcase name="testStartInitializesGameAndRedirects" class="App\Tests\Controller\GameControllerTest" classname="App.Tests.Controller.GameControllerTest" file="/Users/mirnesmrso/dbwebb-kurser/mvc/me/report/tests/Controller/GameControllerTest.php" line="23" assertions="2" time="0.011548"/>
        <testcase name="testPlayRedirectsIfNoGame" class="App\Tests\Controller\GameControllerTest" classname="App.Tests.Controller.GameControllerTest" file="/Users/mirnesmrso/dbwebb-kurser/mvc/me/report/tests/Controller/GameControllerTest.php" line="31" assertions="2" time="0.021986"/>
        <testcase name="testPlayRendersGameState" class="App\Tests\Controller\GameControllerTest" classname="App.Tests.Controller.GameControllerTest" file="/Users/mirnesmrso/dbwebb-kurser/mvc/me/report/tests/Controller/GameControllerTest.php" line="41" assertions="3" time="0.026451"/>
        <testcase name="testDrawUpdatesGameAndRedirects" class="App\Tests\Controller\GameControllerTest" classname="App.Tests.Controller.GameControllerTest" file="/Users/mirnesmrso/dbwebb-kurser/mvc/me/report/tests/Controller/GameControllerTest.php" line="55" assertions="2" time="0.022602"/>
        <testcase name="testStayUpdatesGameAndRedirects" class="App\Tests\Controller\GameControllerTest" classname="App.Tests.Controller.GameControllerTest" file="/Users/mirnesmrso/dbwebb-kurser/mvc/me/report/tests/Controller/GameControllerTest.php" line="65" assertions="2" time="0.022055"/>
        <testcase name="testDocumentationPageLoads" class="App\Tests\Controller\GameControllerTest" classname="App.Tests.Controller.GameControllerTest" file="/Users/mirnesmrso/dbwebb-kurser/mvc/me/report/tests/Controller/GameControllerTest.php" line="75" assertions="3" time="0.018169"/>
      </testsuite>
      <testsuite name="App\Tests\Controller\LuckyControllerTest" file="/Users/mirnesmrso/dbwebb-kurser/mvc/me/report/tests/Controller/LuckyControllerTest.php" tests="3" assertions="21" errors="0" warnings="0" failures="0" skipped="0" time="0.090100">
        <testcase name="testIndex" class="App\Tests\Controller\LuckyControllerTest" classname="App.Tests.Controller.LuckyControllerTest" file="/Users/mirnesmrso/dbwebb-kurser/mvc/me/report/tests/Controller/LuckyControllerTest.php" line="9" assertions="8" time="0.023373"/>
        <testcase name="testMultipleRequestsReturnDifferentNumbers" class="App\Tests\Controller\LuckyControllerTest" classname="App.Tests.Controller.LuckyControllerTest" file="/Users/mirnesmrso/dbwebb-kurser/mvc/me/report/tests/Controller/LuckyControllerTest.php" line="32" assertions="11" time="0.055065"/>
        <testcase name="testImageFileExtensions" class="App\Tests\Controller\LuckyControllerTest" classname="App.Tests.Controller.LuckyControllerTest" file="/Users/mirnesmrso/dbwebb-kurser/mvc/me/report/tests/Controller/LuckyControllerTest.php" line="52" assertions="2" time="0.011661"/>
      </testsuite>
      <testsuite name="App\Tests\Controller\ProductControllerTest" file="/Users/mirnesmrso/dbwebb-kurser/mvc/me/report/tests/Controller/ProductControllerTest.php" tests="3" assertions="9" errors="0" warnings="0" failures="0" skipped="0" time="0.049159">
        <testcase name="testIndex" class="App\Tests\Controller\ProductControllerTest" classname="App.Tests.Controller.ProductControllerTest" file="/Users/mirnesmrso/dbwebb-kurser/mvc/me/report/tests/Controller/ProductControllerTest.php" line="9" assertions="3" time="0.020335"/>
        <testcase name="testShowAllProduct" class="App\Tests\Controller\ProductControllerTest" classname="App.Tests.Controller.ProductControllerTest" file="/Users/mirnesmrso/dbwebb-kurser/mvc/me/report/tests/Controller/ProductControllerTest.php" line="17" assertions="2" time="0.019699"/>
        <testcase name="testShowProductByIdNotFound" class="App\Tests\Controller\ProductControllerTest" classname="App.Tests.Controller.ProductControllerTest" file="/Users/mirnesmrso/dbwebb-kurser/mvc/me/report/tests/Controller/ProductControllerTest.php" line="25" assertions="4" time="0.009125"/>
      </testsuite>
      <testsuite name="App\Tests\Entity\BookTest" file="/Users/mirnesmrso/dbwebb-kurser/mvc/me/report/tests/Entity/BookTest.php" tests="1" assertions="9" errors="0" warnings="0" failures="0" skipped="0" time="0.001410">
        <testcase name="testGettersAndSetters" class="App\Tests\Entity\BookTest" classname="App.Tests.Entity.BookTest" file="/Users/mirnesmrso/dbwebb-kurser/mvc/me/report/tests/Entity/BookTest.php" line="10" assertions="9" time="0.001410"/>
      </testsuite>
      <testsuite name="App\Tests\Entity\ProductTest" file="/Users/mirnesmrso/dbwebb-kurser/mvc/me/report/tests/Entity/ProductTest.php" tests="1" assertions="5" errors="0" warnings="0" failures="0" skipped="0" time="0.000435">
        <testcase name="testGettersAndSetters" class="App\Tests\Entity\ProductTest" classname="App.Tests.Entity.ProductTest" file="/Users/mirnesmrso/dbwebb-kurser/mvc/me/report/tests/Entity/ProductTest.php" line="10" assertions="5" time="0.000435"/>
      </testsuite>
      <testsuite name="App\Tests\Form\BookFormTest" file="/Users/mirnesmrso/dbwebb-kurser/mvc/me/report/tests/Form/BookFormTest.php" tests="1" assertions="9" errors="0" warnings="0" failures="0" skipped="0" time="0.076494">
        <testcase name="testBuildForm" class="App\Tests\Form\BookFormTest" classname="App.Tests.Form.BookFormTest" file="/Users/mirnesmrso/dbwebb-kurser/mvc/me/report/tests/Form/BookFormTest.php" line="11" assertions="9" time="0.076494"/>
      </testsuite>
      <testsuite name="App\Tests\Game\CardGraphicTest" file="/Users/mirnesmrso/dbwebb-kurser/mvc/me/report/tests/Game/CardGraphicTest.php" tests="1" assertions="3" errors="0" warnings="0" failures="0" skipped="0" time="0.001092">
        <testcase name="testToString" class="App\Tests\Game\CardGraphicTest" classname="App.Tests.Game.CardGraphicTest" file="/Users/mirnesmrso/dbwebb-kurser/mvc/me/report/tests/Game/CardGraphicTest.php" line="10" assertions="3" time="0.001092"/>
      </testsuite>
      <testsuite name="App\Tests\Game\CardHandTest" file="/Users/mirnesmrso/dbwebb-kurser/mvc/me/report/tests/Game/CardHandTest.php" tests="4" assertions="5" errors="0" warnings="0" failures="0" skipped="0" time="0.002783">
        <testcase name="testAddAndGetCards" class="App\Tests\Game\CardHandTest" classname="App.Tests.Game.CardHandTest" file="/Users/mirnesmrso/dbwebb-kurser/mvc/me/report/tests/Game/CardHandTest.php" line="11" assertions="2" time="0.001473"/>
        <testcase name="testGetScoreWithoutAces" class="App\Tests\Game\CardHandTest" classname="App.Tests.Game.CardHandTest" file="/Users/mirnesmrso/dbwebb-kurser/mvc/me/report/tests/Game/CardHandTest.php" line="24" assertions="1" time="0.000495"/>
        <testcase name="testGetScoreWithAceUnder21" class="App\Tests\Game\CardHandTest" classname="App.Tests.Game.CardHandTest" file="/Users/mirnesmrso/dbwebb-kurser/mvc/me/report/tests/Game/CardHandTest.php" line="33" assertions="1" time="0.000410"/>
        <testcase name="testGetScoreWithAceOver21" class="App\Tests\Game\CardHandTest" classname="App.Tests.Game.CardHandTest" file="/Users/mirnesmrso/dbwebb-kurser/mvc/me/report/tests/Game/CardHandTest.php" line="42" assertions="1" time="0.000404"/>
      </testsuite>
      <testsuite name="App\Tests\Game\CardTest" file="/Users/mirnesmrso/dbwebb-kurser/mvc/me/report/tests/Game/CardTest.php" tests="5" assertions="12" errors="0" warnings="0" failures="0" skipped="0" time="0.002045">
        <testcase name="testCardInitialization" class="App\Tests\Game\CardTest" classname="App.Tests.Game.CardTest" file="/Users/mirnesmrso/dbwebb-kurser/mvc/me/report/tests/Game/CardTest.php" line="10" assertions="2" time="0.000387"/>
        <testcase name="testNumericCard" class="App\Tests\Game\CardTest" classname="App.Tests.Game.CardTest" file="/Users/mirnesmrso/dbwebb-kurser/mvc/me/report/tests/Game/CardTest.php" line="17" assertions="1" time="0.000378"/>
        <testcase name="testFaceCards" class="App\Tests\Game\CardTest" classname="App.Tests.Game.CardTest" file="/Users/mirnesmrso/dbwebb-kurser/mvc/me/report/tests/Game/CardTest.php" line="23" assertions="3" time="0.000400"/>
        <testcase name="testGetAsString" class="App\Tests\Game\CardTest" classname="App.Tests.Game.CardTest" file="/Users/mirnesmrso/dbwebb-kurser/mvc/me/report/tests/Game/CardTest.php" line="30" assertions="1" time="0.000382"/>
        <testcase name="testSuitSymbol" class="App\Tests\Game\CardTest" classname="App.Tests.Game.CardTest" file="/Users/mirnesmrso/dbwebb-kurser/mvc/me/report/tests/Game/CardTest.php" line="36" assertions="5" time="0.000496"/>
      </testsuite>
      <testsuite name="App\Tests\Game\DeckOfCardsTest" file="/Users/mirnesmrso/dbwebb-kurser/mvc/me/report/tests/Game/DeckOfCardsTest.php" tests="4" assertions="14" errors="0" warnings="0" failures="0" skipped="0" time="0.007451">
        <testcase name="testDeckHas52CardsAfterInitialization" class="App\Tests\Game\DeckOfCardsTest" classname="App.Tests.Game.DeckOfCardsTest" file="/Users/mirnesmrso/dbwebb-kurser/mvc/me/report/tests/Game/DeckOfCardsTest.php" line="11" assertions="2" time="0.000510"/>
        <testcase name="testDrawReturnsCorrectNumberOfCards" class="App\Tests\Game\DeckOfCardsTest" classname="App.Tests.Game.DeckOfCardsTest" file="/Users/mirnesmrso/dbwebb-kurser/mvc/me/report/tests/Game/DeckOfCardsTest.php" line="18" assertions="8" time="0.001154"/>
        <testcase name="testDrawMoreThanDeckReturnsAllRemaining" class="App\Tests\Game\DeckOfCardsTest" classname="App.Tests.Game.DeckOfCardsTest" file="/Users/mirnesmrso/dbwebb-kurser/mvc/me/report/tests/Game/DeckOfCardsTest.php" line="31" assertions="3" time="0.001104"/>
        <testcase name="testShuffleChangesCardOrder" class="App\Tests\Game\DeckOfCardsTest" classname="App.Tests.Game.DeckOfCardsTest" file="/Users/mirnesmrso/dbwebb-kurser/mvc/me/report/tests/Game/DeckOfCardsTest.php" line="40" assertions="1" time="0.004683"/>
      </testsuite>
      <testsuite name="App\Tests\Game\Game21Test" file="/Users/mirnesmrso/dbwebb-kurser/mvc/me/report/tests/Game21/Game21Test.php" tests="3" assertions="6" errors="0" warnings="0" failures="0" skipped="0" time="0.003712">
        <testcase name="testGameStartsWithTwoCards" class="App\Tests\Game\Game21Test" classname="App.Tests.Game.Game21Test" file="/Users/mirnesmrso/dbwebb-kurser/mvc/me/report/tests/Game21/Game21Test.php" line="10" assertions="2" time="0.001378"/>
        <testcase name="testPlayerDrawAndCheckTriggersBankOnBust" class="App\Tests\Game\Game21Test" classname="App.Tests.Game.Game21Test" file="/Users/mirnesmrso/dbwebb-kurser/mvc/me/report/tests/Game21/Game21Test.php" line="20" assertions="3" time="0.000922"/>
        <testcase name="testDetermineWinner" class="App\Tests\Game\Game21Test" classname="App.Tests.Game.Game21Test" file="/Users/mirnesmrso/dbwebb-kurser/mvc/me/report/tests/Game21/Game21Test.php" line="37" assertions="1" time="0.001413"/>
      </testsuite>
    </testsuite>
  </testsuite>
</testsuites>
